<?xml version="1.0" encoding="UTF-8"?>
<testng-results skipped="0" failed="0" total="1" passed="1">
  <reporter-output>
  </reporter-output>
  <suite name="Suite" duration-ms="31" started-at="2018-04-01T03:25:59Z" finished-at="2018-04-01T03:25:59Z">
    <groups>
    </groups>
    <test name="Test" duration-ms="31" started-at="2018-04-01T03:25:59Z" finished-at="2018-04-01T03:25:59Z">
      <class name="com.bbc.MavenTestngDemo.AppTest">
        <test-method status="PASS" signature="test()[pri:0, instance:com.bbc.MavenTestngDemo.AppTest@1794d431]" name="test" duration-ms="13" started-at="2018-04-01T11:25:59Z" finished-at="2018-04-01T11:25:59Z">
          <reporter-output>
          </reporter-output>
        </test-method> <!-- test -->
      </class> <!-- com.bbc.MavenTestngDemo.AppTest -->
    </test> <!-- Test -->
  </suite> <!-- Suite -->
</testng-results>
