<?xml version="1.0" encoding="UTF-8"?>
<testng-results skipped="0" failed="0" total="1" passed="1">
  <reporter-output>
  </reporter-output>
  <suite name="Suite" duration-ms="34" started-at="2018-06-03T03:02:21Z" finished-at="2018-06-03T03:02:21Z">
    <groups>
    </groups>
    <test name="Test" duration-ms="34" started-at="2018-06-03T03:02:21Z" finished-at="2018-06-03T03:02:21Z">
      <class name="com.bbc.MavenTestngDemo.mvnTestNg">
        <test-method status="PASS" signature="testHelloworld()[pri:0, instance:com.bbc.MavenTestngDemo.mvnTestNg@77caeb3e]" name="testHelloworld" duration-ms="13" started-at="2018-06-03T11:02:21Z" finished-at="2018-06-03T11:02:21Z">
          <reporter-output>
          </reporter-output>
        </test-method> <!-- testHelloworld -->
      </class> <!-- com.bbc.MavenTestngDemo.mvnTestNg -->
    </test> <!-- Test -->
  </suite> <!-- Suite -->
</testng-results>
